<?xml version="1.0" encoding="UTF-8"?>
<testng-results ignored="0" total="1" passed="1" failed="0" skipped="0">
  <reporter-output>
  </reporter-output>
  <suite started-at="2024-04-15T07:45:41 IST" name="Default suite" finished-at="2024-04-15T07:46:24 IST" duration-ms="42790">
    <groups>
    </groups>
    <test started-at="2024-04-15T07:45:41 IST" name="Default test" finished-at="2024-04-15T07:46:24 IST" duration-ms="42790">
      <class name="com.appiumtesting.Appium.DragAndDrop">
        <test-method is-config="true" signature="appiumSetUp()[pri:0, instance:com.appiumtesting.Appium.DragAndDrop@4d465b11]" started-at="2024-04-15T07:45:41 IST" name="appiumSetUp" finished-at="2024-04-15T07:46:16 IST" duration-ms="34775" status="PASS">
          <reporter-output>
          </reporter-output>
        </test-method> <!-- appiumSetUp -->
        <test-method signature="dragAndDropDemo()[pri:0, instance:com.appiumtesting.Appium.DragAndDrop@4d465b11]" started-at="2024-04-15T07:46:16 IST" name="dragAndDropDemo" finished-at="2024-04-15T07:46:22 IST" duration-ms="6032" status="PASS">
          <reporter-output>
          </reporter-output>
        </test-method> <!-- dragAndDropDemo -->
        <test-method is-config="true" signature="tearDown()[pri:0, instance:com.appiumtesting.Appium.DragAndDrop@4d465b11]" started-at="2024-04-15T07:46:22 IST" name="tearDown" finished-at="2024-04-15T07:46:24 IST" duration-ms="1741" status="PASS">
          <reporter-output>
          </reporter-output>
        </test-method> <!-- tearDown -->
      </class> <!-- com.appiumtesting.Appium.DragAndDrop -->
    </test> <!-- Default test -->
  </suite> <!-- Default suite -->
</testng-results>
